mode: set
github.com/navneetshukla/test/main.go:25.13,34.2 4 0
github.com/navneetshukla/test/main.go:34.2,38.3 3 0
github.com/navneetshukla/test/main.go:41.2,41.16 1 0
github.com/navneetshukla/test/main.go:45.34,50.2 1 1
github.com/navneetshukla/test/main.go:53.31,58.29 4 1
github.com/navneetshukla/test/main.go:58.29,60.3 1 0
github.com/navneetshukla/test/main.go:62.2,65.4 1 1
github.com/navneetshukla/test/main.go:69.33,73.51 2 1
github.com/navneetshukla/test/main.go:73.51,78.3 2 0
github.com/navneetshukla/test/main.go:81.2,90.4 6 1
github.com/navneetshukla/test/main.go:94.34,97.16 3 1
github.com/navneetshukla/test/main.go:97.16,102.3 2 1
github.com/navneetshukla/test/main.go:104.2,108.13 4 1
github.com/navneetshukla/test/main.go:108.13,113.3 2 1
github.com/navneetshukla/test/main.go:115.2,115.29 1 1
